[NX Daemon Server] - 2024-03-04T13:43:34.594Z - Started listening on: /var/folders/38/_gqcsd015d7146672tdg0bwm0000gn/T/1c8ed6acc1080dde82ba/d.sock
[NX Daemon Server] - 2024-03-04T13:43:34.596Z - [WATCHER]: Subscribed to changes within: /Users/jang-yunsu/-sossost (native)
[NX Daemon Server] - 2024-03-04T13:43:34.599Z - Established a connection. Number of open connections: 1
[NX Daemon Server] - 2024-03-04T13:43:34.600Z - Established a connection. Number of open connections: 2
[NX Daemon Server] - 2024-03-04T13:43:34.601Z - Closed a connection. Number of open connections: 1
[NX Daemon Server] - 2024-03-04T13:43:34.601Z - [REQUEST]: Client Request for Project Graph Received
[NX Daemon Server] - 2024-03-04T13:43:34.602Z - [REQUEST]: Updated workspace context based on watched changes, recomputing project graph...
[NX Daemon Server] - 2024-03-04T13:43:34.603Z - [REQUEST]: 
[NX Daemon Server] - 2024-03-04T13:43:34.603Z - [REQUEST]: 
[NX Daemon Server] - 2024-03-04T13:43:34.684Z - [REQUEST]: Responding to the client. project-graph
[NX Daemon Server] - 2024-03-04T13:43:34.684Z - Time taken for 'total for creating and serializing project graph' 82.6770830154419ms
[NX Daemon Server] - 2024-03-04T13:43:34.685Z - Done responding to the client project-graph
[NX Daemon Server] - 2024-03-04T13:43:34.685Z - Handled REQUEST_PROJECT_GRAPH. Handling time: 83. Response time: 1.
[NX Daemon Server] - 2024-03-04T13:43:34.690Z - Closed a connection. Number of open connections: 0
[NX Daemon Server] - 2024-03-04T13:43:53.934Z - Established a connection. Number of open connections: 1
[NX Daemon Server] - 2024-03-04T13:43:53.935Z - Established a connection. Number of open connections: 2
[NX Daemon Server] - 2024-03-04T13:43:53.935Z - Closed a connection. Number of open connections: 1
[NX Daemon Server] - 2024-03-04T13:43:53.936Z - [REQUEST]: Client Request for Project Graph Received
[NX Daemon Server] - 2024-03-04T13:43:53.936Z - [REQUEST]: Responding to the client. project-graph
[NX Daemon Server] - 2024-03-04T13:43:53.936Z - Time taken for 'total for creating and serializing project graph' 0.06254100799560547ms
[NX Daemon Server] - 2024-03-04T13:43:53.937Z - Done responding to the client project-graph
[NX Daemon Server] - 2024-03-04T13:43:53.937Z - Handled REQUEST_PROJECT_GRAPH. Handling time: 0. Response time: 1.
[NX Daemon Server] - 2024-03-04T13:43:53.959Z - [REQUEST]: Responding to the client. handleHashTasks
[NX Daemon Server] - 2024-03-04T13:43:53.960Z - Done responding to the client handleHashTasks
[NX Daemon Server] - 2024-03-04T13:43:53.960Z - Handled HASH_TASKS. Handling time: 3. Response time: 1.
[NX Daemon Server] - 2024-03-04T13:43:55.982Z - [WATCHER]: Processing file changes in outputs
[NX Daemon Server] - 2024-03-04T13:43:57.340Z - [WATCHER]: Processing file changes in outputs
[NX Daemon Server] - 2024-03-04T13:43:57.729Z - [REQUEST]: Responding to the client. recordOutputsHash
[NX Daemon Server] - 2024-03-04T13:43:57.729Z - Done responding to the client recordOutputsHash
[NX Daemon Server] - 2024-03-04T13:43:57.729Z - Handled RECORD_OUTPUTS_HASH. Handling time: 1. Response time: 0.
[NX Daemon Server] - 2024-03-04T13:43:57.758Z - [WATCHER]: Processing file changes in outputs
[NX Daemon Server] - 2024-03-04T13:43:59.427Z - [WATCHER]: Processing file changes in outputs
[NX Daemon Server] - 2024-03-04T13:44:02.350Z - [WATCHER]: Processing file changes in outputs
[NX Daemon Server] - 2024-03-04T13:44:02.447Z - [WATCHER]: Processing file changes in outputs
[NX Daemon Server] - 2024-03-04T13:44:02.854Z - [WATCHER]: Processing file changes in outputs
[NX Daemon Server] - 2024-03-04T13:44:03.621Z - [WATCHER]: Processing file changes in outputs
[NX Daemon Server] - 2024-03-04T13:44:06.042Z - [WATCHER]: Processing file changes in outputs
[NX Daemon Server] - 2024-03-04T13:44:06.344Z - [WATCHER]: Processing file changes in outputs
[NX Daemon Server] - 2024-03-04T13:44:06.752Z - [WATCHER]: Processing file changes in outputs
[NX Daemon Server] - 2024-03-04T13:44:07.681Z - [WATCHER]: Processing file changes in outputs
[NX Daemon Server] - 2024-03-04T13:44:09.384Z - [WATCHER]: Processing file changes in outputs
[NX Daemon Server] - 2024-03-04T13:44:09.598Z - [WATCHER]: Processing file changes in outputs
[NX Daemon Server] - 2024-03-04T13:44:10.025Z - [WATCHER]: Processing file changes in outputs
[NX Daemon Server] - 2024-03-04T13:44:10.105Z - [WATCHER]: Processing file changes in outputs
[NX Daemon Server] - 2024-03-04T13:44:10.189Z - [WATCHER]: Processing file changes in outputs
[NX Daemon Server] - 2024-03-04T13:44:10.259Z - [WATCHER]: Processing file changes in outputs
[NX Daemon Server] - 2024-03-04T13:44:10.328Z - [WATCHER]: Processing file changes in outputs
[NX Daemon Server] - 2024-03-04T13:44:10.396Z - [WATCHER]: Processing file changes in outputs
[NX Daemon Server] - 2024-03-04T13:44:13.057Z - [WATCHER]: Processing file changes in outputs
[NX Daemon Server] - 2024-03-04T13:44:13.076Z - [REQUEST]: Responding to the client. recordOutputsHash
[NX Daemon Server] - 2024-03-04T13:44:13.077Z - Done responding to the client recordOutputsHash
[NX Daemon Server] - 2024-03-04T13:44:13.077Z - Handled RECORD_OUTPUTS_HASH. Handling time: 1. Response time: 1.
[NX Daemon Server] - 2024-03-04T13:44:13.087Z - Closed a connection. Number of open connections: 0
[NX Daemon Server] - 2024-03-04T13:44:13.111Z - [WATCHER]: Processing file changes in outputs
[NX Daemon Server] - 2024-03-04T13:44:57.797Z - [WATCHER]: package.json was modified
[NX Daemon Server] - 2024-03-04T13:44:57.797Z - [WATCHER]: Processing file changes in outputs
[NX Daemon Server] - 2024-03-04T13:44:57.898Z - [REQUEST]: Updated workspace context based on watched changes, recomputing project graph...
[NX Daemon Server] - 2024-03-04T13:44:57.898Z - [REQUEST]: package.json
[NX Daemon Server] - 2024-03-04T13:44:57.898Z - [REQUEST]: 
[NX Daemon Server] - 2024-03-04T13:44:57.906Z - Error detected when creating a project graph: CommaExpected in /Users/jang-yunsu/-sossost/package.json at 10:5
   8 |   "scripts": {
   9 |     "build": "nx build"
> 10 |     "graph" : "nx run-many --target=build --graph",
     |     ^^^^^^^
  11 |   },
  12 |   "packageManager": "yarn@4.1.0",
  13 |   "devDependencies": {

[NX Daemon Server] - 2024-03-04T13:44:57.906Z - Time taken for 'hash changed files from watcher' 0.1392498016357422ms
[NX Daemon Server] - 2024-03-04T13:45:00.993Z - [WATCHER]: package.json was modified
[NX Daemon Server] - 2024-03-04T13:45:00.993Z - [WATCHER]: Processing file changes in outputs
[NX Daemon Server] - 2024-03-04T13:45:01.194Z - [REQUEST]: Updated workspace context based on watched changes, recomputing project graph...
[NX Daemon Server] - 2024-03-04T13:45:01.194Z - [REQUEST]: package.json
[NX Daemon Server] - 2024-03-04T13:45:01.194Z - [REQUEST]: 
[NX Daemon Server] - 2024-03-04T13:45:01.205Z - Time taken for 'hash changed files from watcher' 0.09350013732910156ms
[NX Daemon Server] - 2024-03-04T13:45:03.234Z - [WATCHER]: package.json was modified
[NX Daemon Server] - 2024-03-04T13:45:03.234Z - [WATCHER]: Processing file changes in outputs
[NX Daemon Server] - 2024-03-04T13:45:03.635Z - [REQUEST]: Updated workspace context based on watched changes, recomputing project graph...
[NX Daemon Server] - 2024-03-04T13:45:03.635Z - [REQUEST]: package.json
[NX Daemon Server] - 2024-03-04T13:45:03.635Z - [REQUEST]: 
[NX Daemon Server] - 2024-03-04T13:45:03.644Z - Time taken for 'hash changed files from watcher' 0.07916688919067383ms
[NX Daemon Server] - 2024-03-04T13:45:07.325Z - Established a connection. Number of open connections: 1
[NX Daemon Server] - 2024-03-04T13:45:07.325Z - Closed a connection. Number of open connections: 0
[NX Daemon Server] - 2024-03-04T13:45:07.326Z - Established a connection. Number of open connections: 1
[NX Daemon Server] - 2024-03-04T13:45:07.326Z - [REQUEST]: Client Request for Project Graph Received
[NX Daemon Server] - 2024-03-04T13:45:07.326Z - [REQUEST]: Responding to the client. project-graph
[NX Daemon Server] - 2024-03-04T13:45:07.327Z - Time taken for 'total for creating and serializing project graph' 0.05350017547607422ms
[NX Daemon Server] - 2024-03-04T13:45:07.328Z - Done responding to the client project-graph
[NX Daemon Server] - 2024-03-04T13:45:07.328Z - Handled REQUEST_PROJECT_GRAPH. Handling time: 0. Response time: 2.
[NX Daemon Server] - 2024-03-04T13:45:07.330Z - [REQUEST]: Client Request for Project Graph Received
[NX Daemon Server] - 2024-03-04T13:45:07.330Z - [REQUEST]: Responding to the client. project-graph
[NX Daemon Server] - 2024-03-04T13:45:07.330Z - Time taken for 'total for creating and serializing project graph' 0.06208372116088867ms
[NX Daemon Server] - 2024-03-04T13:45:07.330Z - Done responding to the client project-graph
[NX Daemon Server] - 2024-03-04T13:45:07.330Z - Handled REQUEST_PROJECT_GRAPH. Handling time: 0. Response time: 0.
[NX Daemon Server] - 2024-03-04T13:45:07.338Z - [REQUEST]: Client Request for Project Graph Received
[NX Daemon Server] - 2024-03-04T13:45:07.339Z - [REQUEST]: Responding to the client. project-graph
[NX Daemon Server] - 2024-03-04T13:45:07.339Z - Time taken for 'total for creating and serializing project graph' 0.06279134750366211ms
[NX Daemon Server] - 2024-03-04T13:45:07.339Z - Done responding to the client project-graph
[NX Daemon Server] - 2024-03-04T13:45:07.339Z - Handled REQUEST_PROJECT_GRAPH. Handling time: 1. Response time: 0.
[NX Daemon Server] - 2024-03-04T13:45:07.761Z - [REQUEST]: Client Request for Project Graph Received
[NX Daemon Server] - 2024-03-04T13:45:07.761Z - [REQUEST]: Responding to the client. project-graph
[NX Daemon Server] - 2024-03-04T13:45:07.762Z - Time taken for 'total for creating and serializing project graph' 0.311708927154541ms
[NX Daemon Server] - 2024-03-04T13:45:07.762Z - Done responding to the client project-graph
[NX Daemon Server] - 2024-03-04T13:45:07.762Z - Handled REQUEST_PROJECT_GRAPH. Handling time: 0. Response time: 1.
[NX Daemon Server] - 2024-03-04T13:45:28.941Z - [REQUEST]: Client Request for Project Graph Received
[NX Daemon Server] - 2024-03-04T13:45:28.941Z - [REQUEST]: Responding to the client. project-graph
[NX Daemon Server] - 2024-03-04T13:45:28.942Z - Time taken for 'total for creating and serializing project graph' 0.10541677474975586ms
[NX Daemon Server] - 2024-03-04T13:45:28.943Z - Done responding to the client project-graph
[NX Daemon Server] - 2024-03-04T13:45:28.943Z - Handled REQUEST_PROJECT_GRAPH. Handling time: 0. Response time: 2.
[NX Daemon Server] - 2024-03-04T13:46:31.843Z - [WATCHER]: package.json was modified
[NX Daemon Server] - 2024-03-04T13:46:31.843Z - [WATCHER]: Processing file changes in outputs
[NX Daemon Server] - 2024-03-04T13:46:31.944Z - [REQUEST]: Updated workspace context based on watched changes, recomputing project graph...
[NX Daemon Server] - 2024-03-04T13:46:31.944Z - [REQUEST]: package.json
[NX Daemon Server] - 2024-03-04T13:46:31.944Z - [REQUEST]: 
[NX Daemon Server] - 2024-03-04T13:46:31.948Z - Error detected when creating a project graph: CommaExpected in /Users/jang-yunsu/-sossost/package.json at 15:5
  13 |   "devDependencies": {
  14 |     "nx": "^18.0.6"
> 15 |     "typescript": "^5.3.3"
     |     ^^^^^^^^^^^^
  16 |   }
  17 | }
  18 | 

[NX Daemon Server] - 2024-03-04T13:46:31.948Z - Time taken for 'hash changed files from watcher' 0.09595775604248047ms
[NX Daemon Server] - 2024-03-04T13:46:34.204Z - [WATCHER]: package.json was modified
[NX Daemon Server] - 2024-03-04T13:46:34.204Z - [WATCHER]: Processing file changes in outputs
[NX Daemon Server] - 2024-03-04T13:46:34.405Z - [REQUEST]: Updated workspace context based on watched changes, recomputing project graph...
[NX Daemon Server] - 2024-03-04T13:46:34.406Z - [REQUEST]: package.json
[NX Daemon Server] - 2024-03-04T13:46:34.406Z - [REQUEST]: 
[NX Daemon Server] - 2024-03-04T13:46:34.415Z - Time taken for 'hash changed files from watcher' 0.09566688537597656ms
[NX Daemon Server] - 2024-03-04T13:46:53.508Z - [WATCHER]: tsconfig.base.json was created or restored
[NX Daemon Server] - 2024-03-04T13:46:53.508Z - [WATCHER]: Processing file changes in outputs
[NX Daemon Server] - 2024-03-04T13:46:53.609Z - [REQUEST]: Updated workspace context based on watched changes, recomputing project graph...
[NX Daemon Server] - 2024-03-04T13:46:53.609Z - [REQUEST]: tsconfig.base.json
[NX Daemon Server] - 2024-03-04T13:46:53.609Z - [REQUEST]: 
[NX Daemon Server] - 2024-03-04T13:46:53.618Z - Time taken for 'hash changed files from watcher' 0.08841705322265625ms
[NX Daemon Server] - 2024-03-04T13:47:44.101Z - [WATCHER]: packages/themes/tsconfig.json was modified
[NX Daemon Server] - 2024-03-04T13:47:44.101Z - [WATCHER]: Processing file changes in outputs
[NX Daemon Server] - 2024-03-04T13:47:44.302Z - [REQUEST]: Updated workspace context based on watched changes, recomputing project graph...
[NX Daemon Server] - 2024-03-04T13:47:44.302Z - [REQUEST]: packages/themes/tsconfig.json
[NX Daemon Server] - 2024-03-04T13:47:44.302Z - [REQUEST]: 
[NX Daemon Server] - 2024-03-04T13:47:44.312Z - Time taken for 'hash changed files from watcher' 0.13545799255371094ms
[NX Daemon Server] - 2024-03-04T13:47:53.901Z - [WATCHER]: tsconfig.base.json was modified
[NX Daemon Server] - 2024-03-04T13:47:53.901Z - [WATCHER]: Processing file changes in outputs
[NX Daemon Server] - 2024-03-04T13:47:54.302Z - [REQUEST]: Updated workspace context based on watched changes, recomputing project graph...
[NX Daemon Server] - 2024-03-04T13:47:54.302Z - [REQUEST]: tsconfig.base.json
[NX Daemon Server] - 2024-03-04T13:47:54.302Z - [REQUEST]: 
[NX Daemon Server] - 2024-03-04T13:47:54.311Z - Time taken for 'hash changed files from watcher' 0.10799980163574219ms
[NX Daemon Server] - 2024-03-04T13:48:06.723Z - Closed a connection. Number of open connections: 0
[NX Daemon Server] - 2024-03-04T13:48:17.153Z - Established a connection. Number of open connections: 1
[NX Daemon Server] - 2024-03-04T13:48:17.153Z - Closed a connection. Number of open connections: 0
[NX Daemon Server] - 2024-03-04T13:48:17.153Z - Established a connection. Number of open connections: 1
[NX Daemon Server] - 2024-03-04T13:48:17.154Z - [REQUEST]: Client Request for Project Graph Received
[NX Daemon Server] - 2024-03-04T13:48:17.154Z - [REQUEST]: Responding to the client. project-graph
[NX Daemon Server] - 2024-03-04T13:48:17.154Z - Time taken for 'total for creating and serializing project graph' 0.05458259582519531ms
[NX Daemon Server] - 2024-03-04T13:48:17.155Z - Done responding to the client project-graph
[NX Daemon Server] - 2024-03-04T13:48:17.155Z - Handled REQUEST_PROJECT_GRAPH. Handling time: 0. Response time: 1.
[NX Daemon Server] - 2024-03-04T13:48:17.173Z - [REQUEST]: Responding to the client. handleHashTasks
[NX Daemon Server] - 2024-03-04T13:48:17.173Z - Done responding to the client handleHashTasks
[NX Daemon Server] - 2024-03-04T13:48:17.173Z - Handled HASH_TASKS. Handling time: 2. Response time: 0.
[NX Daemon Server] - 2024-03-04T13:48:18.374Z - [WATCHER]: Processing file changes in outputs
[NX Daemon Server] - 2024-03-04T13:48:18.816Z - [WATCHER]: Processing file changes in outputs
[NX Daemon Server] - 2024-03-04T13:48:20.102Z - [WATCHER]: Processing file changes in outputs
[NX Daemon Server] - 2024-03-04T13:48:20.510Z - [REQUEST]: Responding to the client. recordOutputsHash
[NX Daemon Server] - 2024-03-04T13:48:20.510Z - Done responding to the client recordOutputsHash
[NX Daemon Server] - 2024-03-04T13:48:20.510Z - Handled RECORD_OUTPUTS_HASH. Handling time: 2. Response time: 0.
[NX Daemon Server] - 2024-03-04T13:48:20.537Z - Closed a connection. Number of open connections: 0
[NX Daemon Server] - 2024-03-04T13:48:20.551Z - [WATCHER]: Processing file changes in outputs
[NX Daemon Server] - 2024-03-04T13:50:00.879Z - [WATCHER]: package.json was modified
[NX Daemon Server] - 2024-03-04T13:50:00.879Z - [WATCHER]: Processing file changes in outputs
[NX Daemon Server] - 2024-03-04T13:50:00.980Z - [REQUEST]: Updated workspace context based on watched changes, recomputing project graph...
[NX Daemon Server] - 2024-03-04T13:50:00.980Z - [REQUEST]: package.json
[NX Daemon Server] - 2024-03-04T13:50:00.980Z - [REQUEST]: 
[NX Daemon Server] - 2024-03-04T13:50:00.988Z - Time taken for 'hash changed files from watcher' 0.11445903778076172ms
[NX Daemon Server] - 2024-03-04T13:50:14.436Z - [WATCHER]: package.json was modified
[NX Daemon Server] - 2024-03-04T13:50:14.436Z - [WATCHER]: Processing file changes in outputs
[NX Daemon Server] - 2024-03-04T13:50:14.637Z - [REQUEST]: Updated workspace context based on watched changes, recomputing project graph...
[NX Daemon Server] - 2024-03-04T13:50:14.637Z - [REQUEST]: package.json
[NX Daemon Server] - 2024-03-04T13:50:14.637Z - [REQUEST]: 
[NX Daemon Server] - 2024-03-04T13:50:14.646Z - Time taken for 'hash changed files from watcher' 0.06929206848144531ms
[NX Daemon Server] - 2024-03-04T13:50:30.913Z - [WATCHER]: Processing file changes in outputs
[NX Daemon Server] - 2024-03-04T13:50:30.913Z - [WATCHER]: Stopping the watcher for /Users/jang-yunsu/-sossost (sources)
[NX Daemon Server] - 2024-03-04T13:50:30.913Z - [WATCHER]: Stopping the watcher for /Users/jang-yunsu/-sossost (outputs)
[NX Daemon Server] - 2024-03-04T13:50:30.913Z - Server stopped because: "Lock file changed"
[NX Daemon Server] - 2024-03-04T14:00:34.488Z - Started listening on: /var/folders/38/_gqcsd015d7146672tdg0bwm0000gn/T/1c8ed6acc1080dde82ba/d.sock
[NX Daemon Server] - 2024-03-04T14:00:34.490Z - [WATCHER]: Subscribed to changes within: /Users/jang-yunsu/-sossost (native)
[NX Daemon Server] - 2024-03-04T14:00:34.496Z - Established a connection. Number of open connections: 1
[NX Daemon Server] - 2024-03-04T14:00:34.496Z - Established a connection. Number of open connections: 2
[NX Daemon Server] - 2024-03-04T14:00:34.497Z - Closed a connection. Number of open connections: 1
[NX Daemon Server] - 2024-03-04T14:00:34.498Z - [REQUEST]: Client Request for Project Graph Received
[NX Daemon Server] - 2024-03-04T14:00:34.498Z - [REQUEST]: Updated workspace context based on watched changes, recomputing project graph...
[NX Daemon Server] - 2024-03-04T14:00:34.498Z - [REQUEST]: 
[NX Daemon Server] - 2024-03-04T14:00:34.498Z - [REQUEST]: 
[NX Daemon Server] - 2024-03-04T14:00:34.595Z - [REQUEST]: Responding to the client. project-graph
[NX Daemon Server] - 2024-03-04T14:00:34.596Z - Time taken for 'total for creating and serializing project graph' 97.46429204940796ms
[NX Daemon Server] - 2024-03-04T14:00:34.597Z - Done responding to the client project-graph
[NX Daemon Server] - 2024-03-04T14:00:34.597Z - Handled REQUEST_PROJECT_GRAPH. Handling time: 98. Response time: 2.
[NX Daemon Server] - 2024-03-04T14:00:34.619Z - [REQUEST]: Responding to the client. handleHashTasks
[NX Daemon Server] - 2024-03-04T14:00:34.619Z - Done responding to the client handleHashTasks
[NX Daemon Server] - 2024-03-04T14:00:34.619Z - Handled HASH_TASKS. Handling time: 5. Response time: 0.
[NX Daemon Server] - 2024-03-04T14:00:35.504Z - [REQUEST]: Responding to the client. recordOutputsHash
[NX Daemon Server] - 2024-03-04T14:00:35.504Z - Done responding to the client recordOutputsHash
[NX Daemon Server] - 2024-03-04T14:00:35.504Z - Handled RECORD_OUTPUTS_HASH. Handling time: 2. Response time: 0.
[NX Daemon Server] - 2024-03-04T14:00:36.791Z - [WATCHER]: Processing file changes in outputs
[NX Daemon Server] - 2024-03-04T14:00:37.309Z - [WATCHER]: Processing file changes in outputs
[NX Daemon Server] - 2024-03-04T14:00:38.713Z - [WATCHER]: Processing file changes in outputs
[NX Daemon Server] - 2024-03-04T14:00:39.188Z - [REQUEST]: Responding to the client. recordOutputsHash
[NX Daemon Server] - 2024-03-04T14:00:39.188Z - Done responding to the client recordOutputsHash
[NX Daemon Server] - 2024-03-04T14:00:39.188Z - Handled RECORD_OUTPUTS_HASH. Handling time: 2. Response time: 0.
[NX Daemon Server] - 2024-03-04T14:00:39.196Z - Closed a connection. Number of open connections: 0
[NX Daemon Server] - 2024-03-04T14:00:39.226Z - [WATCHER]: Processing file changes in outputs
[NX Daemon Server] - 2024-03-04T14:00:41.555Z - Established a connection. Number of open connections: 1
[NX Daemon Server] - 2024-03-04T14:00:41.555Z - Closed a connection. Number of open connections: 0
[NX Daemon Server] - 2024-03-04T14:00:41.555Z - Established a connection. Number of open connections: 1
[NX Daemon Server] - 2024-03-04T14:00:41.556Z - [REQUEST]: Client Request for Project Graph Received
[NX Daemon Server] - 2024-03-04T14:00:41.556Z - [REQUEST]: Responding to the client. project-graph
[NX Daemon Server] - 2024-03-04T14:00:41.557Z - Time taken for 'total for creating and serializing project graph' 0.08062458038330078ms
[NX Daemon Server] - 2024-03-04T14:00:41.558Z - Done responding to the client project-graph
[NX Daemon Server] - 2024-03-04T14:00:41.558Z - Handled REQUEST_PROJECT_GRAPH. Handling time: 0. Response time: 2.
[NX Daemon Server] - 2024-03-04T14:00:41.560Z - [REQUEST]: Client Request for Project Graph Received
[NX Daemon Server] - 2024-03-04T14:00:41.560Z - [REQUEST]: Responding to the client. project-graph
[NX Daemon Server] - 2024-03-04T14:00:41.560Z - Time taken for 'total for creating and serializing project graph' 0.054583072662353516ms
[NX Daemon Server] - 2024-03-04T14:00:41.561Z - Done responding to the client project-graph
[NX Daemon Server] - 2024-03-04T14:00:41.561Z - Handled REQUEST_PROJECT_GRAPH. Handling time: 0. Response time: 1.
[NX Daemon Server] - 2024-03-04T14:00:41.570Z - [REQUEST]: Client Request for Project Graph Received
[NX Daemon Server] - 2024-03-04T14:00:41.570Z - [REQUEST]: Responding to the client. project-graph
[NX Daemon Server] - 2024-03-04T14:00:41.571Z - Time taken for 'total for creating and serializing project graph' 0.07754230499267578ms
[NX Daemon Server] - 2024-03-04T14:00:41.571Z - Done responding to the client project-graph
[NX Daemon Server] - 2024-03-04T14:00:41.571Z - Handled REQUEST_PROJECT_GRAPH. Handling time: 0. Response time: 1.
[NX Daemon Server] - 2024-03-04T14:00:41.928Z - [REQUEST]: Client Request for Project Graph Received
[NX Daemon Server] - 2024-03-04T14:00:41.928Z - [REQUEST]: Responding to the client. project-graph
[NX Daemon Server] - 2024-03-04T14:00:41.929Z - Time taken for 'total for creating and serializing project graph' 0.30870866775512695ms
[NX Daemon Server] - 2024-03-04T14:00:41.929Z - Done responding to the client project-graph
[NX Daemon Server] - 2024-03-04T14:00:41.929Z - Handled REQUEST_PROJECT_GRAPH. Handling time: 0. Response time: 1.
[NX Daemon Server] - 2024-03-04T14:05:13.811Z - Closed a connection. Number of open connections: 0
[NX Daemon Server] - 2024-03-04T14:05:25.032Z - [WATCHER]: 3 file(s) created or restored, 0 file(s) modified, 0 file(s) deleted
[NX Daemon Server] - 2024-03-04T14:05:25.032Z - [WATCHER]: Processing file changes in outputs
[NX Daemon Server] - 2024-03-04T14:05:25.134Z - [REQUEST]: Updated workspace context based on watched changes, recomputing project graph...
[NX Daemon Server] - 2024-03-04T14:05:25.134Z - [REQUEST]: packages/react/components/layout/build.js,packages/react/components/layout/package.json,packages/react/components/layout/tsconfig.json
[NX Daemon Server] - 2024-03-04T14:05:25.134Z - [REQUEST]: 
[NX Daemon Server] - 2024-03-04T14:05:25.141Z - Time taken for 'hash changed files from watcher' 0.16512489318847656ms
[NX Daemon Server] - 2024-03-04T14:05:53.167Z - [WATCHER]: packages/react/components/layout/tsconfig.json was modified
[NX Daemon Server] - 2024-03-04T14:05:53.167Z - [WATCHER]: Processing file changes in outputs
[NX Daemon Server] - 2024-03-04T14:05:53.367Z - [REQUEST]: Updated workspace context based on watched changes, recomputing project graph...
[NX Daemon Server] - 2024-03-04T14:05:53.367Z - [REQUEST]: packages/react/components/layout/build.js,packages/react/components/layout/package.json,packages/react/components/layout/tsconfig.json
[NX Daemon Server] - 2024-03-04T14:05:53.367Z - [REQUEST]: 
[NX Daemon Server] - 2024-03-04T14:05:53.374Z - Time taken for 'hash changed files from watcher' 0.16387510299682617ms
[NX Daemon Server] - 2024-03-04T14:06:09.454Z - [WATCHER]: packages/react/components/layout/package.json was modified
[NX Daemon Server] - 2024-03-04T14:06:09.454Z - [WATCHER]: Processing file changes in outputs
[NX Daemon Server] - 2024-03-04T14:06:09.856Z - [REQUEST]: Updated workspace context based on watched changes, recomputing project graph...
[NX Daemon Server] - 2024-03-04T14:06:09.856Z - [REQUEST]: packages/react/components/layout/build.js,packages/react/components/layout/package.json,packages/react/components/layout/tsconfig.json
[NX Daemon Server] - 2024-03-04T14:06:09.856Z - [REQUEST]: 
[NX Daemon Server] - 2024-03-04T14:06:09.870Z - Time taken for 'hash changed files from watcher' 0.1645827293395996ms
[NX Daemon Server] - 2024-03-04T14:06:30.913Z - [WATCHER]: packages/react/components/layout/src/index.ts was created or restored
[NX Daemon Server] - 2024-03-04T14:06:30.914Z - [WATCHER]: Processing file changes in outputs
[NX Daemon Server] - 2024-03-04T14:06:31.015Z - [REQUEST]: Updated workspace context based on watched changes, recomputing project graph...
[NX Daemon Server] - 2024-03-04T14:06:31.015Z - [REQUEST]: packages/react/components/layout/src/index.ts
[NX Daemon Server] - 2024-03-04T14:06:31.015Z - [REQUEST]: 
[NX Daemon Server] - 2024-03-04T14:06:31.030Z - Time taken for 'hash changed files from watcher' 0.10649967193603516ms
[NX Daemon Server] - 2024-03-04T14:06:38.262Z - [WATCHER]: packages/react/components/layout/package.json was modified
[NX Daemon Server] - 2024-03-04T14:06:38.262Z - [WATCHER]: Processing file changes in outputs
[NX Daemon Server] - 2024-03-04T14:06:38.463Z - [REQUEST]: Updated workspace context based on watched changes, recomputing project graph...
[NX Daemon Server] - 2024-03-04T14:06:38.463Z - [REQUEST]: packages/react/components/layout/package.json
[NX Daemon Server] - 2024-03-04T14:06:38.463Z - [REQUEST]: 
[NX Daemon Server] - 2024-03-04T14:06:38.480Z - Time taken for 'hash changed files from watcher' 0.12537479400634766ms
[NX Daemon Server] - 2024-03-04T14:06:45.808Z - [WATCHER]: packages/react/components/layout/package.json was modified
[NX Daemon Server] - 2024-03-04T14:06:45.808Z - [WATCHER]: Processing file changes in outputs
[NX Daemon Server] - 2024-03-04T14:06:46.209Z - [REQUEST]: Updated workspace context based on watched changes, recomputing project graph...
[NX Daemon Server] - 2024-03-04T14:06:46.209Z - [REQUEST]: packages/react/components/layout/package.json
[NX Daemon Server] - 2024-03-04T14:06:46.209Z - [REQUEST]: 
[NX Daemon Server] - 2024-03-04T14:06:46.225Z - Time taken for 'hash changed files from watcher' 0.11029195785522461ms
(node:24261) Warning: [Warning] The runtime detected new information in a PnP file; reloading the API instance (/Users/jang-yunsu/-sossost/.pnp.cjs)
(Use `node --trace-warnings ...` to show where the warning was created)
[NX Daemon Server] - 2024-03-04T14:07:42.283Z - [WATCHER]: Processing file changes in outputs
[NX Daemon Server] - 2024-03-04T14:07:42.283Z - [WATCHER]: Stopping the watcher for /Users/jang-yunsu/-sossost (sources)
[NX Daemon Server] - 2024-03-04T14:07:42.283Z - [WATCHER]: Stopping the watcher for /Users/jang-yunsu/-sossost (outputs)
[NX Daemon Server] - 2024-03-04T14:07:42.283Z - Server stopped because: "Lock file changed"
[NX Daemon Server] - 2024-03-04T14:09:38.578Z - Started listening on: /var/folders/38/_gqcsd015d7146672tdg0bwm0000gn/T/1c8ed6acc1080dde82ba/d.sock
[NX Daemon Server] - 2024-03-04T14:09:38.579Z - [WATCHER]: Subscribed to changes within: /Users/jang-yunsu/-sossost (native)
[NX Daemon Server] - 2024-03-04T14:09:38.584Z - Established a connection. Number of open connections: 1
[NX Daemon Server] - 2024-03-04T14:09:38.584Z - Established a connection. Number of open connections: 2
[NX Daemon Server] - 2024-03-04T14:09:38.585Z - Closed a connection. Number of open connections: 1
[NX Daemon Server] - 2024-03-04T14:09:38.585Z - [REQUEST]: Client Request for Project Graph Received
[NX Daemon Server] - 2024-03-04T14:09:38.586Z - [REQUEST]: Updated workspace context based on watched changes, recomputing project graph...
[NX Daemon Server] - 2024-03-04T14:09:38.586Z - [REQUEST]: 
[NX Daemon Server] - 2024-03-04T14:09:38.586Z - [REQUEST]: 
[NX Daemon Server] - 2024-03-04T14:09:38.684Z - [REQUEST]: Responding to the client. project-graph
[NX Daemon Server] - 2024-03-04T14:09:38.685Z - Time taken for 'total for creating and serializing project graph' 98.29820775985718ms
[NX Daemon Server] - 2024-03-04T14:09:38.686Z - Done responding to the client project-graph
[NX Daemon Server] - 2024-03-04T14:09:38.686Z - Handled REQUEST_PROJECT_GRAPH. Handling time: 99. Response time: 2.
[NX Daemon Server] - 2024-03-04T14:09:38.707Z - [REQUEST]: Responding to the client. handleHashTasks
[NX Daemon Server] - 2024-03-04T14:09:38.707Z - Done responding to the client handleHashTasks
[NX Daemon Server] - 2024-03-04T14:09:38.707Z - Handled HASH_TASKS. Handling time: 5. Response time: 0.
[NX Daemon Server] - 2024-03-04T14:09:38.733Z - [REQUEST]: Responding to the client. outputsHashesMatch
[NX Daemon Server] - 2024-03-04T14:09:38.733Z - Done responding to the client outputsHashesMatch
[NX Daemon Server] - 2024-03-04T14:09:38.733Z - Handled OUTPUTS_HASHES_MATCH. Handling time: 1. Response time: 0.
[NX Daemon Server] - 2024-03-04T14:09:38.736Z - [REQUEST]: Responding to the client. recordOutputsHash
[NX Daemon Server] - 2024-03-04T14:09:38.736Z - Done responding to the client recordOutputsHash
[NX Daemon Server] - 2024-03-04T14:09:38.736Z - Handled RECORD_OUTPUTS_HASH. Handling time: 1. Response time: 0.
[NX Daemon Server] - 2024-03-04T14:09:38.741Z - [REQUEST]: Responding to the client. outputsHashesMatch
[NX Daemon Server] - 2024-03-04T14:09:38.741Z - Done responding to the client outputsHashesMatch
[NX Daemon Server] - 2024-03-04T14:09:38.741Z - Handled OUTPUTS_HASHES_MATCH. Handling time: 1. Response time: 0.
[NX Daemon Server] - 2024-03-04T14:09:38.749Z - [REQUEST]: Responding to the client. recordOutputsHash
[NX Daemon Server] - 2024-03-04T14:09:38.749Z - Done responding to the client recordOutputsHash
[NX Daemon Server] - 2024-03-04T14:09:38.749Z - Handled RECORD_OUTPUTS_HASH. Handling time: 2. Response time: 0.
[NX Daemon Server] - 2024-03-04T14:09:38.796Z - [WATCHER]: Processing file changes in outputs
[NX Daemon Server] - 2024-03-04T14:09:40.127Z - [WATCHER]: Processing file changes in outputs
[NX Daemon Server] - 2024-03-04T14:09:40.655Z - [WATCHER]: Processing file changes in outputs
[NX Daemon Server] - 2024-03-04T14:09:42.613Z - [WATCHER]: Processing file changes in outputs
[NX Daemon Server] - 2024-03-04T14:09:43.145Z - [REQUEST]: Responding to the client. recordOutputsHash
[NX Daemon Server] - 2024-03-04T14:09:43.145Z - Done responding to the client recordOutputsHash
[NX Daemon Server] - 2024-03-04T14:09:43.145Z - Handled RECORD_OUTPUTS_HASH. Handling time: 3. Response time: 0.
[NX Daemon Server] - 2024-03-04T14:09:43.156Z - Closed a connection. Number of open connections: 0
[NX Daemon Server] - 2024-03-04T14:09:43.182Z - [WATCHER]: Processing file changes in outputs
[NX Daemon Server] - 2024-03-04T14:09:59.804Z - Established a connection. Number of open connections: 1
[NX Daemon Server] - 2024-03-04T14:09:59.804Z - Closed a connection. Number of open connections: 0
[NX Daemon Server] - 2024-03-04T14:09:59.805Z - Established a connection. Number of open connections: 1
[NX Daemon Server] - 2024-03-04T14:09:59.805Z - [REQUEST]: Client Request for Project Graph Received
[NX Daemon Server] - 2024-03-04T14:09:59.806Z - [REQUEST]: Responding to the client. project-graph
[NX Daemon Server] - 2024-03-04T14:09:59.806Z - Time taken for 'total for creating and serializing project graph' 0.058290958404541016ms
[NX Daemon Server] - 2024-03-04T14:09:59.807Z - Done responding to the client project-graph
[NX Daemon Server] - 2024-03-04T14:09:59.807Z - Handled REQUEST_PROJECT_GRAPH. Handling time: 0. Response time: 2.
[NX Daemon Server] - 2024-03-04T14:09:59.809Z - [REQUEST]: Client Request for Project Graph Received
[NX Daemon Server] - 2024-03-04T14:09:59.810Z - [REQUEST]: Responding to the client. project-graph
[NX Daemon Server] - 2024-03-04T14:09:59.810Z - Time taken for 'total for creating and serializing project graph' 0.06675004959106445ms
[NX Daemon Server] - 2024-03-04T14:09:59.811Z - Done responding to the client project-graph
[NX Daemon Server] - 2024-03-04T14:09:59.811Z - Handled REQUEST_PROJECT_GRAPH. Handling time: 1. Response time: 1.
[NX Daemon Server] - 2024-03-04T14:09:59.819Z - [REQUEST]: Client Request for Project Graph Received
[NX Daemon Server] - 2024-03-04T14:09:59.820Z - [REQUEST]: Responding to the client. project-graph
[NX Daemon Server] - 2024-03-04T14:09:59.820Z - Time taken for 'total for creating and serializing project graph' 0.0694580078125ms
[NX Daemon Server] - 2024-03-04T14:09:59.821Z - Done responding to the client project-graph
[NX Daemon Server] - 2024-03-04T14:09:59.821Z - Handled REQUEST_PROJECT_GRAPH. Handling time: 1. Response time: 1.
[NX Daemon Server] - 2024-03-04T14:10:00.182Z - [REQUEST]: Client Request for Project Graph Received
[NX Daemon Server] - 2024-03-04T14:10:00.183Z - [REQUEST]: Responding to the client. project-graph
[NX Daemon Server] - 2024-03-04T14:10:00.184Z - Time taken for 'total for creating and serializing project graph' 0.739832878112793ms
[NX Daemon Server] - 2024-03-04T14:10:00.187Z - Done responding to the client project-graph
[NX Daemon Server] - 2024-03-04T14:10:00.187Z - Handled REQUEST_PROJECT_GRAPH. Handling time: 1. Response time: 4.
[NX Daemon Server] - 2024-03-04T14:10:36.428Z - [WATCHER]: Processing file changes in outputs
[NX Daemon Server] - 2024-03-04T14:10:36.428Z - [WATCHER]: Stopping the watcher for /Users/jang-yunsu/-sossost (sources)
[NX Daemon Server] - 2024-03-04T14:10:36.428Z - [WATCHER]: Stopping the watcher for /Users/jang-yunsu/-sossost (outputs)
[NX Daemon Server] - 2024-03-04T14:10:36.428Z - Server stopped because: "Lock file changed"
[NX Daemon Server] - 2024-03-04T14:41:10.993Z - Started listening on: /var/folders/38/_gqcsd015d7146672tdg0bwm0000gn/T/1c8ed6acc1080dde82ba/d.sock
[NX Daemon Server] - 2024-03-04T14:41:10.994Z - [WATCHER]: Subscribed to changes within: /Users/jang-yunsu/-sossost (native)
[NX Daemon Server] - 2024-03-04T14:41:11.002Z - Established a connection. Number of open connections: 1
[NX Daemon Server] - 2024-03-04T14:41:11.003Z - Established a connection. Number of open connections: 2
[NX Daemon Server] - 2024-03-04T14:41:11.003Z - Closed a connection. Number of open connections: 1
[NX Daemon Server] - 2024-03-04T14:41:11.004Z - [REQUEST]: Client Request for Project Graph Received
[NX Daemon Server] - 2024-03-04T14:41:11.005Z - [REQUEST]: Updated workspace context based on watched changes, recomputing project graph...
[NX Daemon Server] - 2024-03-04T14:41:11.005Z - [REQUEST]: 
[NX Daemon Server] - 2024-03-04T14:41:11.005Z - [REQUEST]: 
[NX Daemon Server] - 2024-03-04T14:41:11.131Z - [REQUEST]: Responding to the client. project-graph
[NX Daemon Server] - 2024-03-04T14:41:11.133Z - Time taken for 'total for creating and serializing project graph' 127.15779113769531ms
[NX Daemon Server] - 2024-03-04T14:41:11.135Z - Done responding to the client project-graph
[NX Daemon Server] - 2024-03-04T14:41:11.135Z - Handled REQUEST_PROJECT_GRAPH. Handling time: 127. Response time: 4.
[NX Daemon Server] - 2024-03-04T14:41:11.161Z - [REQUEST]: Responding to the client. handleHashTasks
[NX Daemon Server] - 2024-03-04T14:41:11.161Z - Done responding to the client handleHashTasks
[NX Daemon Server] - 2024-03-04T14:41:11.161Z - Handled HASH_TASKS. Handling time: 8. Response time: 0.
[NX Daemon Server] - 2024-03-04T14:41:23.542Z - Closed a connection. Number of open connections: 0
[NX Daemon Server] - 2024-03-04T14:42:03.097Z - [WATCHER]: package.json was modified
[NX Daemon Server] - 2024-03-04T14:42:03.098Z - [WATCHER]: Processing file changes in outputs
[NX Daemon Server] - 2024-03-04T14:42:03.199Z - [REQUEST]: Updated workspace context based on watched changes, recomputing project graph...
[NX Daemon Server] - 2024-03-04T14:42:03.199Z - [REQUEST]: package.json
[NX Daemon Server] - 2024-03-04T14:42:03.199Z - [REQUEST]: 
[NX Daemon Server] - 2024-03-04T14:42:03.227Z - Time taken for 'hash changed files from watcher' 0.13449954986572266ms
[NX Daemon Server] - 2024-03-04T14:42:11.201Z - [WATCHER]: package.json was modified
[NX Daemon Server] - 2024-03-04T14:42:11.201Z - [WATCHER]: Processing file changes in outputs
[NX Daemon Server] - 2024-03-04T14:42:11.402Z - [REQUEST]: Updated workspace context based on watched changes, recomputing project graph...
[NX Daemon Server] - 2024-03-04T14:42:11.403Z - [REQUEST]: package.json
[NX Daemon Server] - 2024-03-04T14:42:11.403Z - [REQUEST]: 
[NX Daemon Server] - 2024-03-04T14:42:11.431Z - Time taken for 'hash changed files from watcher' 0.08841705322265625ms
[NX Daemon Server] - 2024-03-04T14:42:22.282Z - [WATCHER]: nx.json was modified
[NX Daemon Server] - 2024-03-04T14:42:22.282Z - [WATCHER]: Processing file changes in outputs
[NX Daemon Server] - 2024-03-04T14:42:22.684Z - [REQUEST]: Updated workspace context based on watched changes, recomputing project graph...
[NX Daemon Server] - 2024-03-04T14:42:22.684Z - [REQUEST]: nx.json
[NX Daemon Server] - 2024-03-04T14:42:22.684Z - [REQUEST]: 
[NX Daemon Server] - 2024-03-04T14:42:22.705Z - Time taken for 'hash changed files from watcher' 0.11291694641113281ms
[NX Daemon Server] - 2024-03-04T14:42:50.262Z - [WATCHER]: package.json was modified
[NX Daemon Server] - 2024-03-04T14:42:50.262Z - [WATCHER]: Processing file changes in outputs
[NX Daemon Server] - 2024-03-04T14:42:51.063Z - [REQUEST]: Updated workspace context based on watched changes, recomputing project graph...
[NX Daemon Server] - 2024-03-04T14:42:51.063Z - [REQUEST]: package.json
[NX Daemon Server] - 2024-03-04T14:42:51.063Z - [REQUEST]: 
[NX Daemon Server] - 2024-03-04T14:42:51.078Z - Error detected when creating a project graph: CommaExpected in /Users/jang-yunsu/-sossost/package.json at 12:5
  10 |     "graph": "nx run-many --target=build --graph",
  11 |     "dev:all" :"yarn dev:storybook & yarn dev"
> 12 |     "dev:storybook": "nx storybook @soaf/storybook",
     |     ^^^^^^^^^^^^^^^
  13 |     "dev:packages": "nx run-many --target=dev --projects='@soaf/react-components-*'"
  14 |   },
  15 |   "packageManager": "yarn@4.1.0",

[NX Daemon Server] - 2024-03-04T14:42:51.078Z - Time taken for 'hash changed files from watcher' 0.11662530899047852ms
[NX Daemon Server] - 2024-03-04T14:42:53.895Z - [WATCHER]: package.json was modified
[NX Daemon Server] - 2024-03-04T14:42:53.895Z - [WATCHER]: Processing file changes in outputs
[NX Daemon Server] - 2024-03-04T14:42:55.496Z - [REQUEST]: Updated workspace context based on watched changes, recomputing project graph...
[NX Daemon Server] - 2024-03-04T14:42:55.496Z - [REQUEST]: package.json
[NX Daemon Server] - 2024-03-04T14:42:55.496Z - [REQUEST]: 
[NX Daemon Server] - 2024-03-04T14:42:55.526Z - Time taken for 'hash changed files from watcher' 0.12458372116088867ms
[NX Daemon Server] - 2024-03-04T14:43:01.518Z - [WATCHER]: package.json was modified
[NX Daemon Server] - 2024-03-04T14:43:01.518Z - [WATCHER]: Processing file changes in outputs
[NX Daemon Server] - 2024-03-04T14:43:04.719Z - [REQUEST]: Updated workspace context based on watched changes, recomputing project graph...
[NX Daemon Server] - 2024-03-04T14:43:04.719Z - [REQUEST]: package.json
[NX Daemon Server] - 2024-03-04T14:43:04.719Z - [REQUEST]: 
[NX Daemon Server] - 2024-03-04T14:43:04.741Z - Time taken for 'hash changed files from watcher' 0.0989999771118164ms
[NX Daemon Server] - 2024-03-04T14:43:14.120Z - Established a connection. Number of open connections: 1
[NX Daemon Server] - 2024-03-04T14:43:14.120Z - Established a connection. Number of open connections: 2
[NX Daemon Server] - 2024-03-04T14:43:14.120Z - Closed a connection. Number of open connections: 1
[NX Daemon Server] - 2024-03-04T14:43:14.121Z - [REQUEST]: Client Request for Project Graph Received
[NX Daemon Server] - 2024-03-04T14:43:14.121Z - [REQUEST]: Responding to the client. project-graph
[NX Daemon Server] - 2024-03-04T14:43:14.123Z - Time taken for 'total for creating and serializing project graph' 0.17104101181030273ms
[NX Daemon Server] - 2024-03-04T14:43:14.126Z - Done responding to the client project-graph
[NX Daemon Server] - 2024-03-04T14:43:14.126Z - Handled REQUEST_PROJECT_GRAPH. Handling time: 0. Response time: 5.
[NX Daemon Server] - 2024-03-04T14:43:14.158Z - [REQUEST]: Responding to the client. handleHashTasks
[NX Daemon Server] - 2024-03-04T14:43:14.158Z - Done responding to the client handleHashTasks
[NX Daemon Server] - 2024-03-04T14:43:14.158Z - Handled HASH_TASKS. Handling time: 9. Response time: 0.
[NX Daemon Server] - 2024-03-04T14:43:14.211Z - Established a connection. Number of open connections: 2
[NX Daemon Server] - 2024-03-04T14:43:14.211Z - Closed a connection. Number of open connections: 1
[NX Daemon Server] - 2024-03-04T14:43:14.211Z - Established a connection. Number of open connections: 2
[NX Daemon Server] - 2024-03-04T14:43:14.213Z - [REQUEST]: Client Request for Project Graph Received
[NX Daemon Server] - 2024-03-04T14:43:14.213Z - [REQUEST]: Responding to the client. project-graph
[NX Daemon Server] - 2024-03-04T14:43:14.215Z - Time taken for 'total for creating and serializing project graph' 0.0885000228881836ms
[NX Daemon Server] - 2024-03-04T14:43:14.217Z - Done responding to the client project-graph
[NX Daemon Server] - 2024-03-04T14:43:14.217Z - Handled REQUEST_PROJECT_GRAPH. Handling time: 0. Response time: 4.
[NX Daemon Server] - 2024-03-04T14:43:14.241Z - [REQUEST]: Responding to the client. handleHashTasks
[NX Daemon Server] - 2024-03-04T14:43:14.241Z - Done responding to the client handleHashTasks
[NX Daemon Server] - 2024-03-04T14:43:14.241Z - Handled HASH_TASKS. Handling time: 3. Response time: 0.
[NX Daemon Server] - 2024-03-04T14:43:17.165Z - [WATCHER]: Processing file changes in outputs
[NX Daemon Server] - 2024-03-04T14:43:30.474Z - Closed a connection. Number of open connections: 1
[NX Daemon Server] - 2024-03-04T14:43:32.037Z - Closed a connection. Number of open connections: 0
[NX Daemon Server] - 2024-03-04T14:43:45.699Z - Established a connection. Number of open connections: 1
[NX Daemon Server] - 2024-03-04T14:43:45.700Z - Closed a connection. Number of open connections: 0
[NX Daemon Server] - 2024-03-04T14:43:45.700Z - Established a connection. Number of open connections: 1
[NX Daemon Server] - 2024-03-04T14:43:45.704Z - [REQUEST]: Client Request for Project Graph Received
[NX Daemon Server] - 2024-03-04T14:43:45.705Z - [REQUEST]: Responding to the client. project-graph
[NX Daemon Server] - 2024-03-04T14:43:45.708Z - Time taken for 'total for creating and serializing project graph' 0.2422499656677246ms
[NX Daemon Server] - 2024-03-04T14:43:45.718Z - Done responding to the client project-graph
[NX Daemon Server] - 2024-03-04T14:43:45.718Z - Handled REQUEST_PROJECT_GRAPH. Handling time: 1. Response time: 13.
[NX Daemon Server] - 2024-03-04T14:43:45.760Z - [REQUEST]: Responding to the client. handleHashTasks
[NX Daemon Server] - 2024-03-04T14:43:45.760Z - Done responding to the client handleHashTasks
[NX Daemon Server] - 2024-03-04T14:43:45.761Z - Handled HASH_TASKS. Handling time: 5. Response time: 1.
[NX Daemon Server] - 2024-03-04T14:43:45.761Z - Established a connection. Number of open connections: 2
[NX Daemon Server] - 2024-03-04T14:43:45.762Z - Established a connection. Number of open connections: 3
[NX Daemon Server] - 2024-03-04T14:43:45.763Z - [REQUEST]: Client Request for Project Graph Received
[NX Daemon Server] - 2024-03-04T14:43:45.763Z - [REQUEST]: Responding to the client. project-graph
[NX Daemon Server] - 2024-03-04T14:43:45.766Z - Time taken for 'total for creating and serializing project graph' 0.1862502098083496ms
[NX Daemon Server] - 2024-03-04T14:43:45.766Z - Closed a connection. Number of open connections: 2
[NX Daemon Server] - 2024-03-04T14:43:45.774Z - Done responding to the client project-graph
[NX Daemon Server] - 2024-03-04T14:43:45.774Z - Handled REQUEST_PROJECT_GRAPH. Handling time: 0. Response time: 11.
[NX Daemon Server] - 2024-03-04T14:43:45.812Z - [REQUEST]: Responding to the client. handleHashTasks
[NX Daemon Server] - 2024-03-04T14:43:45.812Z - Done responding to the client handleHashTasks
[NX Daemon Server] - 2024-03-04T14:43:45.812Z - Handled HASH_TASKS. Handling time: 8. Response time: 0.
[NX Daemon Server] - 2024-03-04T14:43:49.078Z - [WATCHER]: Processing file changes in outputs
[NX Daemon Server] - 2024-03-04T14:43:56.118Z - [WATCHER]: packages/react/components/layout/src/block.css.ts was modified
[NX Daemon Server] - 2024-03-04T14:43:56.119Z - [WATCHER]: Processing file changes in outputs
[NX Daemon Server] - 2024-03-04T14:43:56.192Z - [WATCHER]: Processing file changes in outputs
[NX Daemon Server] - 2024-03-04T14:43:56.220Z - [REQUEST]: Updated workspace context based on watched changes, recomputing project graph...
[NX Daemon Server] - 2024-03-04T14:43:56.220Z - [REQUEST]: packages/react/components/layout/src/block.css.ts
[NX Daemon Server] - 2024-03-04T14:43:56.220Z - [REQUEST]: 
[NX Daemon Server] - 2024-03-04T14:43:56.285Z - Time taken for 'hash changed files from watcher' 0.15958404541015625ms
[NX Daemon Server] - 2024-03-04T14:44:47.020Z - [WATCHER]: Processing file changes in outputs
[NX Daemon Server] - 2024-03-04T14:44:47.020Z - [WATCHER]: Stopping the watcher for /Users/jang-yunsu/-sossost (sources)
[NX Daemon Server] - 2024-03-04T14:44:47.021Z - [WATCHER]: Stopping the watcher for /Users/jang-yunsu/-sossost (outputs)
[NX Daemon Server] - 2024-03-04T14:44:47.021Z - Server stopped because: "Lock file changed"
[NX Daemon Server] - 2024-03-04T14:46:32.121Z - Started listening on: /var/folders/38/_gqcsd015d7146672tdg0bwm0000gn/T/1c8ed6acc1080dde82ba/d.sock
[NX Daemon Server] - 2024-03-04T14:46:32.122Z - [WATCHER]: Subscribed to changes within: /Users/jang-yunsu/-sossost (native)
[NX Daemon Server] - 2024-03-04T14:46:32.123Z - Established a connection. Number of open connections: 1
[NX Daemon Server] - 2024-03-04T14:46:32.124Z - Established a connection. Number of open connections: 2
[NX Daemon Server] - 2024-03-04T14:46:32.125Z - [REQUEST]: Client Request for Project Graph Received
[NX Daemon Server] - 2024-03-04T14:46:32.126Z - [REQUEST]: Updated workspace context based on watched changes, recomputing project graph...
[NX Daemon Server] - 2024-03-04T14:46:32.126Z - [REQUEST]: 
[NX Daemon Server] - 2024-03-04T14:46:32.126Z - [REQUEST]: 
[NX Daemon Server] - 2024-03-04T14:46:32.241Z - Started listening on: /var/folders/38/_gqcsd015d7146672tdg0bwm0000gn/T/1c8ed6acc1080dde82ba/d.sock
[NX Daemon Server] - 2024-03-04T14:46:32.243Z - [WATCHER]: Subscribed to changes within: /Users/jang-yunsu/-sossost (native)
[NX Daemon Server] - 2024-03-04T14:46:32.327Z - [REQUEST]: Responding to the client. project-graph
[NX Daemon Server] - 2024-03-04T14:46:32.329Z - Time taken for 'total for creating and serializing project graph' 201.11916589736938ms
[NX Daemon Server] - 2024-03-04T14:46:32.329Z - Closed a connection. Number of open connections: 1
[NX Daemon Server] - 2024-03-04T14:46:32.330Z - Established a connection. Number of open connections: 2
[NX Daemon Server] - 2024-03-04T14:46:32.330Z - Established a connection. Number of open connections: 3
[NX Daemon Server] - 2024-03-04T14:46:32.331Z - [WATCHER]: .nx/cache/d/server-process.json was created or restored
[NX Daemon Server] - 2024-03-04T14:46:32.332Z - [WATCHER]: Stopping the watcher for /Users/jang-yunsu/-sossost (sources)
[NX Daemon Server] - 2024-03-04T14:46:32.333Z - [REQUEST]: Client Request for Project Graph Received
[NX Daemon Server] - 2024-03-04T14:46:32.333Z - [REQUEST]: Updated workspace context based on watched changes, recomputing project graph...
[NX Daemon Server] - 2024-03-04T14:46:32.333Z - [REQUEST]: .nx/cache/d/server-process.json
[NX Daemon Server] - 2024-03-04T14:46:32.333Z - [REQUEST]: 
[NX Daemon Server] - 2024-03-04T14:46:32.365Z - [REQUEST]: Responding to the client. project-graph
[NX Daemon Server] - 2024-03-04T14:46:32.367Z - Time taken for 'total for creating and serializing project graph' 31.792500019073486ms
[NX Daemon Server] - 2024-03-04T14:46:32.367Z - Closed a connection. Number of open connections: 2
[NX Daemon Server] - 2024-03-04T14:46:32.367Z - [WATCHER]: Stopping the watcher for /Users/jang-yunsu/-sossost (outputs)
[NX Daemon Server] - 2024-03-04T14:46:32.367Z - Server stopped because: "this process is no longer the current daemon (native)"
[NX Daemon Server] - 2024-03-04T14:46:38.295Z - Started listening on: /var/folders/38/_gqcsd015d7146672tdg0bwm0000gn/T/1c8ed6acc1080dde82ba/d.sock
[NX Daemon Server] - 2024-03-04T14:46:38.297Z - [WATCHER]: Subscribed to changes within: /Users/jang-yunsu/-sossost (native)
[NX Daemon Server] - 2024-03-04T14:46:38.301Z - Established a connection. Number of open connections: 1
[NX Daemon Server] - 2024-03-04T14:46:38.302Z - Established a connection. Number of open connections: 2
[NX Daemon Server] - 2024-03-04T14:46:38.303Z - Established a connection. Number of open connections: 3
[NX Daemon Server] - 2024-03-04T14:46:38.303Z - Established a connection. Number of open connections: 4
[NX Daemon Server] - 2024-03-04T14:46:38.304Z - Closed a connection. Number of open connections: 3
[NX Daemon Server] - 2024-03-04T14:46:38.305Z - [REQUEST]: Client Request for Project Graph Received
[NX Daemon Server] - 2024-03-04T14:46:38.306Z - [REQUEST]: Updated workspace context based on watched changes, recomputing project graph...
[NX Daemon Server] - 2024-03-04T14:46:38.306Z - [REQUEST]: 
[NX Daemon Server] - 2024-03-04T14:46:38.306Z - [REQUEST]: 
[NX Daemon Server] - 2024-03-04T14:46:38.349Z - [WATCHER]: .nx/cache/d/server-process.json was modified
[NX Daemon Server] - 2024-03-04T14:46:38.350Z - [WATCHER]: Stopping the watcher for /Users/jang-yunsu/-sossost (sources)
[NX Daemon Server] - 2024-03-04T14:46:38.350Z - [WATCHER]: Stopping the watcher for /Users/jang-yunsu/-sossost (outputs)
[NX Daemon Server] - 2024-03-04T14:46:38.350Z - Server stopped because: "this process is no longer the current daemon (native)"
[NX Daemon Server] - 2024-03-04T14:46:38.390Z - Started listening on: /var/folders/38/_gqcsd015d7146672tdg0bwm0000gn/T/1c8ed6acc1080dde82ba/d.sock
[NX Daemon Server] - 2024-03-04T14:46:38.392Z - [WATCHER]: Subscribed to changes within: /Users/jang-yunsu/-sossost (native)
[NX Daemon Server] - 2024-03-04T14:46:38.410Z - [REQUEST]: Responding to the client. project-graph
[NX Daemon Server] - 2024-03-04T14:46:38.413Z - [REQUEST]: Client Request for Project Graph Received
[NX Daemon Server] - 2024-03-04T14:46:38.414Z - [REQUEST]: Responding to the client. project-graph
[NX Daemon Server] - 2024-03-04T14:46:38.416Z - Time taken for 'total for creating and serializing project graph' 105.21745872497559ms
[NX Daemon Server] - 2024-03-04T14:46:38.416Z - Closed a connection. Number of open connections: 2
[NX Daemon Server] - 2024-03-04T14:46:38.419Z - Done responding to the client project-graph
[NX Daemon Server] - 2024-03-04T14:46:38.419Z - Handled REQUEST_PROJECT_GRAPH. Handling time: 105. Response time: 9.
[NX Daemon Server] - 2024-03-04T14:46:38.419Z - Done responding to the client project-graph
[NX Daemon Server] - 2024-03-04T14:46:38.419Z - Handled REQUEST_PROJECT_GRAPH. Handling time: 1. Response time: 5.
[NX Daemon Server] - 2024-03-04T14:46:38.442Z - [WATCHER]: .nx/cache/d/server-process.json was modified
[NX Daemon Server] - 2024-03-04T14:46:38.443Z - [WATCHER]: Stopping the watcher for /Users/jang-yunsu/-sossost (sources)
[NX Daemon Server] - 2024-03-04T14:46:38.444Z - [REQUEST]: Updated workspace context based on watched changes, recomputing project graph...
[NX Daemon Server] - 2024-03-04T14:46:38.444Z - [REQUEST]: .nx/cache/d/server-process.json
[NX Daemon Server] - 2024-03-04T14:46:38.444Z - [REQUEST]: 
[NX Daemon Server] - 2024-03-04T14:46:38.485Z - [REQUEST]: Responding to the client. handleHashTasks
[NX Daemon Server] - 2024-03-04T14:46:38.485Z - Done responding to the client handleHashTasks
[NX Daemon Server] - 2024-03-04T14:46:38.485Z - Handled HASH_TASKS. Handling time: 42. Response time: 0.
[NX Daemon Server] - 2024-03-04T14:46:38.488Z - [REQUEST]: Responding to the client. handleHashTasks
[NX Daemon Server] - 2024-03-04T14:46:38.488Z - Done responding to the client handleHashTasks
[NX Daemon Server] - 2024-03-04T14:46:38.488Z - Handled HASH_TASKS. Handling time: 3. Response time: 0.
[NX Daemon Server] - 2024-03-04T14:46:38.488Z - Time taken for 'hash changed files from watcher' 0.09233379364013672ms
[NX Daemon Server] - 2024-03-04T14:46:38.488Z - [WATCHER]: Stopping the watcher for /Users/jang-yunsu/-sossost (outputs)
[NX Daemon Server] - 2024-03-04T14:46:38.488Z - Server stopped because: "this process is no longer the current daemon (native)"
[NX Daemon Server] - 2024-03-04T14:46:41.678Z - [WATCHER]: Processing file changes in outputs
[NX Daemon Server] - 2024-03-04T14:47:19.086Z - [WATCHER]: services/storybook/.storybook/style.css was created or restored
[NX Daemon Server] - 2024-03-04T14:47:19.087Z - [WATCHER]: Processing file changes in outputs
[NX Daemon Server] - 2024-03-04T14:47:19.188Z - [REQUEST]: Updated workspace context based on watched changes, recomputing project graph...
[NX Daemon Server] - 2024-03-04T14:47:19.188Z - [REQUEST]: services/storybook/.storybook/style.css
[NX Daemon Server] - 2024-03-04T14:47:19.188Z - [REQUEST]: 
[NX Daemon Server] - 2024-03-04T14:47:30.485Z - [WATCHER]: Processing file changes in outputs
[NX Daemon Server] - 2024-03-04T14:47:30.486Z - [WATCHER]: services/storybook/.storybook/style.css was modified
[NX Daemon Server] - 2024-03-04T14:47:30.688Z - [REQUEST]: Updated workspace context based on watched changes, recomputing project graph...
[NX Daemon Server] - 2024-03-04T14:47:30.688Z - [REQUEST]: services/storybook/.storybook/style.css
[NX Daemon Server] - 2024-03-04T14:47:30.688Z - [REQUEST]: 
[NX Daemon Server] - 2024-03-04T14:47:47.653Z - [WATCHER]: services/storybook/.storybook/preview.js was modified
[NX Daemon Server] - 2024-03-04T14:47:47.653Z - [WATCHER]: Processing file changes in outputs
[NX Daemon Server] - 2024-03-04T14:47:48.055Z - [REQUEST]: Updated workspace context based on watched changes, recomputing project graph...
[NX Daemon Server] - 2024-03-04T14:47:48.055Z - [REQUEST]: services/storybook/.storybook/preview.js
[NX Daemon Server] - 2024-03-04T14:47:48.055Z - [REQUEST]: 
[NX Daemon Server] - 2024-03-04T14:48:43.084Z - [WATCHER]: services/storybook/.storybook/preview.js was modified
[NX Daemon Server] - 2024-03-04T14:48:43.088Z - [WATCHER]: Processing file changes in outputs
[NX Daemon Server] - 2024-03-04T14:48:43.889Z - [REQUEST]: Updated workspace context based on watched changes, recomputing project graph...
[NX Daemon Server] - 2024-03-04T14:48:43.889Z - [REQUEST]: services/storybook/.storybook/preview.js
[NX Daemon Server] - 2024-03-04T14:48:43.889Z - [REQUEST]: 
[NX Daemon Server] - 2024-03-04T14:48:45.466Z - [WATCHER]: services/storybook/.storybook/preview.js was modified
[NX Daemon Server] - 2024-03-04T14:48:45.466Z - [WATCHER]: Processing file changes in outputs
[NX Daemon Server] - 2024-03-04T14:48:47.067Z - [REQUEST]: Updated workspace context based on watched changes, recomputing project graph...
[NX Daemon Server] - 2024-03-04T14:48:47.067Z - [REQUEST]: services/storybook/.storybook/preview.js
[NX Daemon Server] - 2024-03-04T14:48:47.067Z - [REQUEST]: 
[NX Daemon Server] - 2024-03-04T14:49:24.425Z - Started listening on: /var/folders/38/_gqcsd015d7146672tdg0bwm0000gn/T/1c8ed6acc1080dde82ba/d.sock
[NX Daemon Server] - 2024-03-04T14:49:24.428Z - [WATCHER]: Subscribed to changes within: /Users/jang-yunsu/-sossost (native)
[NX Daemon Server] - 2024-03-04T14:49:24.431Z - Established a connection. Number of open connections: 1
[NX Daemon Server] - 2024-03-04T14:49:24.432Z - Established a connection. Number of open connections: 2
[NX Daemon Server] - 2024-03-04T14:49:24.433Z - Closed a connection. Number of open connections: 1
[NX Daemon Server] - 2024-03-04T14:49:24.434Z - [REQUEST]: Client Request for Project Graph Received
[NX Daemon Server] - 2024-03-04T14:49:24.435Z - [REQUEST]: Updated workspace context based on watched changes, recomputing project graph...
[NX Daemon Server] - 2024-03-04T14:49:24.435Z - [REQUEST]: 
[NX Daemon Server] - 2024-03-04T14:49:24.435Z - [REQUEST]: 
[NX Daemon Server] - 2024-03-04T14:49:24.480Z - [WATCHER]: .nx/cache/d/server-process.json was modified
[NX Daemon Server] - 2024-03-04T14:49:24.481Z - [WATCHER]: Stopping the watcher for /Users/jang-yunsu/-sossost (sources)
[NX Daemon Server] - 2024-03-04T14:49:24.481Z - [WATCHER]: Stopping the watcher for /Users/jang-yunsu/-sossost (outputs)
[NX Daemon Server] - 2024-03-04T14:49:24.481Z - Server stopped because: "this process is no longer the current daemon (native)"
[NX Daemon Server] - 2024-03-04T14:49:24.482Z - Started listening on: /var/folders/38/_gqcsd015d7146672tdg0bwm0000gn/T/1c8ed6acc1080dde82ba/d.sock
[NX Daemon Server] - 2024-03-04T14:49:24.484Z - [WATCHER]: Subscribed to changes within: /Users/jang-yunsu/-sossost (native)
[NX Daemon Server] - 2024-03-04T14:49:24.540Z - [REQUEST]: Responding to the client. project-graph
[NX Daemon Server] - 2024-03-04T14:49:24.542Z - Time taken for 'total for creating and serializing project graph' 105.66279220581055ms
[NX Daemon Server] - 2024-03-04T14:49:24.542Z - Established a connection. Number of open connections: 2
[NX Daemon Server] - 2024-03-04T14:49:24.542Z - Established a connection. Number of open connections: 3
[NX Daemon Server] - 2024-03-04T14:49:24.544Z - [WATCHER]: .nx/cache/d/server-process.json was modified
[NX Daemon Server] - 2024-03-04T14:49:24.544Z - [WATCHER]: Stopping the watcher for /Users/jang-yunsu/-sossost (sources)
[NX Daemon Server] - 2024-03-04T14:49:24.544Z - [REQUEST]: Client Request for Project Graph Received
[NX Daemon Server] - 2024-03-04T14:49:24.545Z - [REQUEST]: Updated workspace context based on watched changes, recomputing project graph...
[NX Daemon Server] - 2024-03-04T14:49:24.545Z - [REQUEST]: .nx/cache/d/server-process.json
[NX Daemon Server] - 2024-03-04T14:49:24.545Z - [REQUEST]: 
[NX Daemon Server] - 2024-03-04T14:49:24.575Z - [REQUEST]: Responding to the client. project-graph
[NX Daemon Server] - 2024-03-04T14:49:24.577Z - Time taken for 'total for creating and serializing project graph' 30.282790660858154ms
[NX Daemon Server] - 2024-03-04T14:49:24.577Z - Closed a connection. Number of open connections: 2
[NX Daemon Server] - 2024-03-04T14:49:24.577Z - [WATCHER]: Stopping the watcher for /Users/jang-yunsu/-sossost (outputs)
[NX Daemon Server] - 2024-03-04T14:49:24.577Z - Server stopped because: "this process is no longer the current daemon (native)"
[NX Daemon Server] - 2024-03-04T14:49:28.754Z - Started listening on: /var/folders/38/_gqcsd015d7146672tdg0bwm0000gn/T/1c8ed6acc1080dde82ba/d.sock
[NX Daemon Server] - 2024-03-04T14:49:28.756Z - [WATCHER]: Subscribed to changes within: /Users/jang-yunsu/-sossost (native)
[NX Daemon Server] - 2024-03-04T14:49:28.759Z - Established a connection. Number of open connections: 1
[NX Daemon Server] - 2024-03-04T14:49:28.760Z - Closed a connection. Number of open connections: 0
[NX Daemon Server] - 2024-03-04T14:49:28.761Z - Established a connection. Number of open connections: 1
[NX Daemon Server] - 2024-03-04T14:49:28.761Z - Established a connection. Number of open connections: 2
[NX Daemon Server] - 2024-03-04T14:49:28.761Z - Established a connection. Number of open connections: 3
[NX Daemon Server] - 2024-03-04T14:49:28.762Z - [REQUEST]: Client Request for Project Graph Received
[NX Daemon Server] - 2024-03-04T14:49:28.763Z - [REQUEST]: Updated workspace context based on watched changes, recomputing project graph...
[NX Daemon Server] - 2024-03-04T14:49:28.763Z - [REQUEST]: 
[NX Daemon Server] - 2024-03-04T14:49:28.763Z - [REQUEST]: 
[NX Daemon Server] - 2024-03-04T14:49:28.807Z - [WATCHER]: .nx/cache/d/server-process.json was modified
[NX Daemon Server] - 2024-03-04T14:49:28.808Z - [WATCHER]: Stopping the watcher for /Users/jang-yunsu/-sossost (sources)
[NX Daemon Server] - 2024-03-04T14:49:28.808Z - [WATCHER]: Stopping the watcher for /Users/jang-yunsu/-sossost (outputs)
[NX Daemon Server] - 2024-03-04T14:49:28.808Z - Server stopped because: "this process is no longer the current daemon (native)"
[NX Daemon Server] - 2024-03-04T14:49:28.821Z - Started listening on: /var/folders/38/_gqcsd015d7146672tdg0bwm0000gn/T/1c8ed6acc1080dde82ba/d.sock
[NX Daemon Server] - 2024-03-04T14:49:28.823Z - [WATCHER]: Subscribed to changes within: /Users/jang-yunsu/-sossost (native)
[NX Daemon Server] - 2024-03-04T14:49:28.864Z - [REQUEST]: Responding to the client. project-graph
[NX Daemon Server] - 2024-03-04T14:49:28.867Z - Time taken for 'total for creating and serializing project graph' 101.6900839805603ms
[NX Daemon Server] - 2024-03-04T14:49:28.867Z - Closed a connection. Number of open connections: 2
[NX Daemon Server] - 2024-03-04T14:49:28.868Z - [REQUEST]: Client Request for Project Graph Received
[NX Daemon Server] - 2024-03-04T14:49:28.868Z - [REQUEST]: Responding to the client. project-graph
[NX Daemon Server] - 2024-03-04T14:49:28.870Z - Time taken for 'total for creating and serializing project graph' 0.21899986267089844ms
[NX Daemon Server] - 2024-03-04T14:49:28.871Z - [WATCHER]: .nx/cache/d/server-process.json was modified
[NX Daemon Server] - 2024-03-04T14:49:28.871Z - [WATCHER]: Stopping the watcher for /Users/jang-yunsu/-sossost (sources)
[NX Daemon Server] - 2024-03-04T14:49:28.871Z - [WATCHER]: Stopping the watcher for /Users/jang-yunsu/-sossost (outputs)
[NX Daemon Server] - 2024-03-04T14:49:28.871Z - Server stopped because: "this process is no longer the current daemon (native)"
[NX Daemon Server] - 2024-03-04T14:49:33.433Z - Started listening on: /var/folders/38/_gqcsd015d7146672tdg0bwm0000gn/T/1c8ed6acc1080dde82ba/d.sock
[NX Daemon Server] - 2024-03-04T14:49:33.435Z - [WATCHER]: Subscribed to changes within: /Users/jang-yunsu/-sossost (native)
[NX Daemon Server] - 2024-03-04T14:49:33.443Z - Established a connection. Number of open connections: 1
[NX Daemon Server] - 2024-03-04T14:49:33.445Z - Established a connection. Number of open connections: 2
[NX Daemon Server] - 2024-03-04T14:49:33.445Z - Established a connection. Number of open connections: 3
[NX Daemon Server] - 2024-03-04T14:49:33.445Z - Established a connection. Number of open connections: 4
[NX Daemon Server] - 2024-03-04T14:49:33.447Z - Closed a connection. Number of open connections: 3
[NX Daemon Server] - 2024-03-04T14:49:33.448Z - [REQUEST]: Client Request for Project Graph Received
[NX Daemon Server] - 2024-03-04T14:49:33.448Z - [REQUEST]: Updated workspace context based on watched changes, recomputing project graph...
[NX Daemon Server] - 2024-03-04T14:49:33.448Z - [REQUEST]: 
[NX Daemon Server] - 2024-03-04T14:49:33.448Z - [REQUEST]: 
[NX Daemon Server] - 2024-03-04T14:49:33.487Z - [WATCHER]: .nx/cache/d/server-process.json was modified
[NX Daemon Server] - 2024-03-04T14:49:33.488Z - [WATCHER]: Stopping the watcher for /Users/jang-yunsu/-sossost (sources)
[NX Daemon Server] - 2024-03-04T14:49:33.488Z - [WATCHER]: Stopping the watcher for /Users/jang-yunsu/-sossost (outputs)
[NX Daemon Server] - 2024-03-04T14:49:33.488Z - Server stopped because: "this process is no longer the current daemon (native)"
[NX Daemon Server] - 2024-03-04T14:49:33.516Z - Started listening on: /var/folders/38/_gqcsd015d7146672tdg0bwm0000gn/T/1c8ed6acc1080dde82ba/d.sock
[NX Daemon Server] - 2024-03-04T14:49:33.517Z - [WATCHER]: Subscribed to changes within: /Users/jang-yunsu/-sossost (native)
[NX Daemon Server] - 2024-03-04T14:49:33.543Z - [REQUEST]: Responding to the client. project-graph
[NX Daemon Server] - 2024-03-04T14:49:33.546Z - [REQUEST]: Client Request for Project Graph Received
[NX Daemon Server] - 2024-03-04T14:49:33.546Z - [REQUEST]: Responding to the client. project-graph
[NX Daemon Server] - 2024-03-04T14:49:33.548Z - Time taken for 'total for creating and serializing project graph' 95.76083278656006ms
[NX Daemon Server] - 2024-03-04T14:49:33.549Z - Closed a connection. Number of open connections: 2
[NX Daemon Server] - 2024-03-04T14:49:33.551Z - Done responding to the client project-graph
[NX Daemon Server] - 2024-03-04T14:49:33.551Z - Handled REQUEST_PROJECT_GRAPH. Handling time: 0. Response time: 5.
[NX Daemon Server] - 2024-03-04T14:49:33.552Z - Done responding to the client project-graph
[NX Daemon Server] - 2024-03-04T14:49:33.552Z - Handled REQUEST_PROJECT_GRAPH. Handling time: 96. Response time: 9.
[NX Daemon Server] - 2024-03-04T14:49:33.570Z - [WATCHER]: .nx/cache/d/server-process.json was modified
[NX Daemon Server] - 2024-03-04T14:49:33.571Z - [WATCHER]: Stopping the watcher for /Users/jang-yunsu/-sossost (sources)
[NX Daemon Server] - 2024-03-04T14:49:33.572Z - [WATCHER]: Stopping the watcher for /Users/jang-yunsu/-sossost (outputs)
[NX Daemon Server] - 2024-03-04T14:49:33.572Z - Server stopped because: "this process is no longer the current daemon (native)"
[NX Daemon Server] - 2024-03-04T14:49:40.442Z - Started listening on: /var/folders/38/_gqcsd015d7146672tdg0bwm0000gn/T/1c8ed6acc1080dde82ba/d.sock
[NX Daemon Server] - 2024-03-04T14:49:40.444Z - [WATCHER]: Subscribed to changes within: /Users/jang-yunsu/-sossost (native)
[NX Daemon Server] - 2024-03-04T14:49:40.445Z - Established a connection. Number of open connections: 1
[NX Daemon Server] - 2024-03-04T14:49:40.446Z - Established a connection. Number of open connections: 2
[NX Daemon Server] - 2024-03-04T14:49:40.447Z - Closed a connection. Number of open connections: 1
[NX Daemon Server] - 2024-03-04T14:49:40.448Z - [REQUEST]: Client Request for Project Graph Received
[NX Daemon Server] - 2024-03-04T14:49:40.449Z - [REQUEST]: Updated workspace context based on watched changes, recomputing project graph...
[NX Daemon Server] - 2024-03-04T14:49:40.449Z - [REQUEST]: 
[NX Daemon Server] - 2024-03-04T14:49:40.449Z - [REQUEST]: 
[NX Daemon Server] - 2024-03-04T14:49:40.493Z - [WATCHER]: .nx/cache/d/server-process.json was modified
[NX Daemon Server] - 2024-03-04T14:49:40.493Z - [WATCHER]: Stopping the watcher for /Users/jang-yunsu/-sossost (sources)
[NX Daemon Server] - 2024-03-04T14:49:40.493Z - [WATCHER]: Stopping the watcher for /Users/jang-yunsu/-sossost (outputs)
[NX Daemon Server] - 2024-03-04T14:49:40.493Z - Server stopped because: "this process is no longer the current daemon (native)"
[NX Daemon Server] - 2024-03-04T14:49:40.505Z - Started listening on: /var/folders/38/_gqcsd015d7146672tdg0bwm0000gn/T/1c8ed6acc1080dde82ba/d.sock
[NX Daemon Server] - 2024-03-04T14:49:40.507Z - [WATCHER]: Subscribed to changes within: /Users/jang-yunsu/-sossost (native)
[NX Daemon Server] - 2024-03-04T14:49:40.543Z - [REQUEST]: Responding to the client. project-graph
[NX Daemon Server] - 2024-03-04T14:49:40.545Z - Time taken for 'total for creating and serializing project graph' 94.08304214477539ms
[NX Daemon Server] - 2024-03-04T14:49:40.545Z - Established a connection. Number of open connections: 2
[NX Daemon Server] - 2024-03-04T14:49:40.545Z - Established a connection. Number of open connections: 3
[NX Daemon Server] - 2024-03-04T14:49:40.546Z - [REQUEST]: Client Request for Project Graph Received
[NX Daemon Server] - 2024-03-04T14:49:40.546Z - [REQUEST]: Responding to the client. project-graph
[NX Daemon Server] - 2024-03-04T14:49:40.548Z - Time taken for 'total for creating and serializing project graph' 0.09275007247924805ms
[NX Daemon Server] - 2024-03-04T14:49:40.548Z - Closed a connection. Number of open connections: 2
[NX Daemon Server] - 2024-03-04T14:49:40.550Z - Done responding to the client project-graph
[NX Daemon Server] - 2024-03-04T14:49:40.550Z - Handled REQUEST_PROJECT_GRAPH. Handling time: 95. Response time: 7.
[NX Daemon Server] - 2024-03-04T14:49:40.550Z - Done responding to the client project-graph
[NX Daemon Server] - 2024-03-04T14:49:40.550Z - Handled REQUEST_PROJECT_GRAPH. Handling time: 0. Response time: 4.
[NX Daemon Server] - 2024-03-04T14:49:40.556Z - [WATCHER]: .nx/cache/d/server-process.json was modified
[NX Daemon Server] - 2024-03-04T14:49:40.556Z - [WATCHER]: Stopping the watcher for /Users/jang-yunsu/-sossost (sources)
[NX Daemon Server] - 2024-03-04T14:49:40.556Z - [WATCHER]: Stopping the watcher for /Users/jang-yunsu/-sossost (outputs)
[NX Daemon Server] - 2024-03-04T14:49:40.556Z - Server stopped because: "this process is no longer the current daemon (native)"
[NX Daemon Server] - 2024-03-04T14:49:50.040Z - Started listening on: /var/folders/38/_gqcsd015d7146672tdg0bwm0000gn/T/1c8ed6acc1080dde82ba/d.sock
[NX Daemon Server] - 2024-03-04T14:49:50.041Z - [WATCHER]: Subscribed to changes within: /Users/jang-yunsu/-sossost (native)
[NX Daemon Server] - 2024-03-04T14:49:50.047Z - Established a connection. Number of open connections: 1
[NX Daemon Server] - 2024-03-04T14:49:50.047Z - Established a connection. Number of open connections: 2
[NX Daemon Server] - 2024-03-04T14:49:50.048Z - Closed a connection. Number of open connections: 1
[NX Daemon Server] - 2024-03-04T14:49:50.049Z - [REQUEST]: Client Request for Project Graph Received
[NX Daemon Server] - 2024-03-04T14:49:50.050Z - [REQUEST]: Updated workspace context based on watched changes, recomputing project graph...
[NX Daemon Server] - 2024-03-04T14:49:50.050Z - [REQUEST]: 
[NX Daemon Server] - 2024-03-04T14:49:50.050Z - [REQUEST]: 
[NX Daemon Server] - 2024-03-04T14:49:50.095Z - [WATCHER]: .nx/cache/d/server-process.json was modified
[NX Daemon Server] - 2024-03-04T14:49:50.095Z - [WATCHER]: Stopping the watcher for /Users/jang-yunsu/-sossost (sources)
[NX Daemon Server] - 2024-03-04T14:49:50.095Z - [WATCHER]: Stopping the watcher for /Users/jang-yunsu/-sossost (outputs)
[NX Daemon Server] - 2024-03-04T14:49:50.095Z - Server stopped because: "this process is no longer the current daemon (native)"
[NX Daemon Server] - 2024-03-04T14:49:50.129Z - [REQUEST]: Responding to the client. project-graph
[NX Daemon Server] - 2024-03-04T14:49:50.131Z - Time taken for 'total for creating and serializing project graph' 80.12170791625977ms
[NX Daemon Server] - 2024-03-04T14:49:50.133Z - Done responding to the client project-graph
[NX Daemon Server] - 2024-03-04T14:49:50.133Z - Handled REQUEST_PROJECT_GRAPH. Handling time: 80. Response time: 4.
[NX Daemon Server] - 2024-03-04T14:49:50.158Z - [REQUEST]: Responding to the client. handleHashTasks
[NX Daemon Server] - 2024-03-04T14:49:50.158Z - Done responding to the client handleHashTasks
[NX Daemon Server] - 2024-03-04T14:49:50.159Z - Handled HASH_TASKS. Handling time: 7. Response time: 1.
[NX Daemon Server] - 2024-03-04T14:50:09.373Z - Closed a connection. Number of open connections: 0
[NX Daemon Server] - 2024-03-04T14:50:17.506Z - Started listening on: /var/folders/38/_gqcsd015d7146672tdg0bwm0000gn/T/1c8ed6acc1080dde82ba/d.sock
[NX Daemon Server] - 2024-03-04T14:50:17.508Z - [WATCHER]: Subscribed to changes within: /Users/jang-yunsu/-sossost (native)
[NX Daemon Server] - 2024-03-04T14:50:17.514Z - Established a connection. Number of open connections: 1
[NX Daemon Server] - 2024-03-04T14:50:17.515Z - Established a connection. Number of open connections: 2
[NX Daemon Server] - 2024-03-04T14:50:17.516Z - Closed a connection. Number of open connections: 1
[NX Daemon Server] - 2024-03-04T14:50:17.517Z - [REQUEST]: Client Request for Project Graph Received
[NX Daemon Server] - 2024-03-04T14:50:17.517Z - [REQUEST]: Updated workspace context based on watched changes, recomputing project graph...
[NX Daemon Server] - 2024-03-04T14:50:17.517Z - [REQUEST]: 
[NX Daemon Server] - 2024-03-04T14:50:17.518Z - [REQUEST]: 
[NX Daemon Server] - 2024-03-04T14:50:17.564Z - [WATCHER]: .nx/cache/d/server-process.json was modified
[NX Daemon Server] - 2024-03-04T14:50:17.564Z - [WATCHER]: Stopping the watcher for /Users/jang-yunsu/-sossost (sources)
[NX Daemon Server] - 2024-03-04T14:50:17.565Z - [WATCHER]: Stopping the watcher for /Users/jang-yunsu/-sossost (outputs)
[NX Daemon Server] - 2024-03-04T14:50:17.565Z - Server stopped because: "this process is no longer the current daemon (native)"
[NX Daemon Server] - 2024-03-04T14:50:17.610Z - [REQUEST]: Responding to the client. project-graph
[NX Daemon Server] - 2024-03-04T14:50:17.612Z - Time taken for 'total for creating and serializing project graph' 93.743417263031ms
[NX Daemon Server] - 2024-03-04T14:50:17.614Z - Done responding to the client project-graph
[NX Daemon Server] - 2024-03-04T14:50:17.614Z - Handled REQUEST_PROJECT_GRAPH. Handling time: 93. Response time: 4.
[NX Daemon Server] - 2024-03-04T14:50:17.619Z - [REQUEST]: Client Request for Project Graph Received
[NX Daemon Server] - 2024-03-04T14:50:17.619Z - [REQUEST]: Responding to the client. project-graph
[NX Daemon Server] - 2024-03-04T14:50:17.620Z - Time taken for 'total for creating and serializing project graph' 0.12137508392333984ms
[NX Daemon Server] - 2024-03-04T14:50:17.621Z - Done responding to the client project-graph
[NX Daemon Server] - 2024-03-04T14:50:17.621Z - Handled REQUEST_PROJECT_GRAPH. Handling time: 0. Response time: 2.
[NX Daemon Server] - 2024-03-04T14:50:17.636Z - [REQUEST]: Client Request for Project Graph Received
[NX Daemon Server] - 2024-03-04T14:50:17.636Z - [REQUEST]: Responding to the client. project-graph
[NX Daemon Server] - 2024-03-04T14:50:17.638Z - Time taken for 'total for creating and serializing project graph' 0.11891698837280273ms
[NX Daemon Server] - 2024-03-04T14:50:17.640Z - Done responding to the client project-graph
[NX Daemon Server] - 2024-03-04T14:50:17.640Z - Handled REQUEST_PROJECT_GRAPH. Handling time: 0. Response time: 4.
[NX Daemon Server] - 2024-03-04T14:50:18.075Z - [REQUEST]: Client Request for Project Graph Received
[NX Daemon Server] - 2024-03-04T14:50:18.076Z - [REQUEST]: Responding to the client. project-graph
[NX Daemon Server] - 2024-03-04T14:50:18.078Z - Time taken for 'total for creating and serializing project graph' 0.2846250534057617ms
[NX Daemon Server] - 2024-03-04T14:50:18.080Z - Done responding to the client project-graph
[NX Daemon Server] - 2024-03-04T14:50:18.081Z - Handled REQUEST_PROJECT_GRAPH. Handling time: 1. Response time: 5.
[NX Daemon Server] - 2024-03-04T14:50:41.268Z - Closed a connection. Number of open connections: 0
[NX Daemon Server] - 2024-03-04T14:51:07.992Z - [WATCHER]: services/storybook/package.json was modified
[NX Daemon Server] - 2024-03-04T14:51:07.993Z - [WATCHER]: Processing file changes in outputs
[NX Daemon Server] - 2024-03-04T14:51:08.093Z - [REQUEST]: Updated workspace context based on watched changes, recomputing project graph...
[NX Daemon Server] - 2024-03-04T14:51:08.093Z - [REQUEST]: services/storybook/package.json
[NX Daemon Server] - 2024-03-04T14:51:08.094Z - [REQUEST]: 
[NX Daemon Server] - 2024-03-04T14:51:08.139Z - Time taken for 'hash changed files from watcher' 0.15195798873901367ms
[NX Daemon Server] - 2024-03-04T14:51:12.966Z - Started listening on: /var/folders/38/_gqcsd015d7146672tdg0bwm0000gn/T/1c8ed6acc1080dde82ba/d.sock
[NX Daemon Server] - 2024-03-04T14:51:12.968Z - [WATCHER]: Subscribed to changes within: /Users/jang-yunsu/-sossost (native)
[NX Daemon Server] - 2024-03-04T14:51:12.968Z - Established a connection. Number of open connections: 1
[NX Daemon Server] - 2024-03-04T14:51:12.969Z - Established a connection. Number of open connections: 2
[NX Daemon Server] - 2024-03-04T14:51:12.970Z - [REQUEST]: Client Request for Project Graph Received
[NX Daemon Server] - 2024-03-04T14:51:12.971Z - [REQUEST]: Updated workspace context based on watched changes, recomputing project graph...
[NX Daemon Server] - 2024-03-04T14:51:12.971Z - [REQUEST]: 
[NX Daemon Server] - 2024-03-04T14:51:12.971Z - [REQUEST]: 
[NX Daemon Server] - 2024-03-04T14:51:13.021Z - [WATCHER]: .nx/cache/d/server-process.json was modified
[NX Daemon Server] - 2024-03-04T14:51:13.021Z - [WATCHER]: Stopping the watcher for /Users/jang-yunsu/-sossost (sources)
[NX Daemon Server] - 2024-03-04T14:51:13.021Z - [WATCHER]: Stopping the watcher for /Users/jang-yunsu/-sossost (outputs)
[NX Daemon Server] - 2024-03-04T14:51:13.021Z - Server stopped because: "this process is no longer the current daemon (native)"
[NX Daemon Server] - 2024-03-04T14:51:13.054Z - [REQUEST]: Responding to the client. project-graph
[NX Daemon Server] - 2024-03-04T14:51:13.056Z - Time taken for 'total for creating and serializing project graph' 83.86783409118652ms
[NX Daemon Server] - 2024-03-04T14:51:13.056Z - Closed a connection. Number of open connections: 1
[NX Daemon Server] - 2024-03-04T14:51:13.058Z - Done responding to the client project-graph
[NX Daemon Server] - 2024-03-04T14:51:13.058Z - Handled REQUEST_PROJECT_GRAPH. Handling time: 84. Response time: 4.
[NX Daemon Server] - 2024-03-04T14:51:13.063Z - [REQUEST]: Client Request for Project Graph Received
[NX Daemon Server] - 2024-03-04T14:51:13.063Z - [REQUEST]: Responding to the client. project-graph
[NX Daemon Server] - 2024-03-04T14:51:13.064Z - Time taken for 'total for creating and serializing project graph' 0.08233404159545898ms
[NX Daemon Server] - 2024-03-04T14:51:13.065Z - Done responding to the client project-graph
[NX Daemon Server] - 2024-03-04T14:51:13.065Z - Handled REQUEST_PROJECT_GRAPH. Handling time: 0. Response time: 2.
[NX Daemon Server] - 2024-03-04T14:51:13.079Z - [REQUEST]: Client Request for Project Graph Received
[NX Daemon Server] - 2024-03-04T14:51:13.079Z - [REQUEST]: Responding to the client. project-graph
[NX Daemon Server] - 2024-03-04T14:51:13.081Z - Time taken for 'total for creating and serializing project graph' 0.0948343276977539ms
[NX Daemon Server] - 2024-03-04T14:51:13.082Z - Done responding to the client project-graph
[NX Daemon Server] - 2024-03-04T14:51:13.082Z - Handled REQUEST_PROJECT_GRAPH. Handling time: 0. Response time: 3.
[NX Daemon Server] - 2024-03-04T14:51:13.506Z - [REQUEST]: Client Request for Project Graph Received
[NX Daemon Server] - 2024-03-04T14:51:13.507Z - [REQUEST]: Responding to the client. project-graph
[NX Daemon Server] - 2024-03-04T14:51:13.509Z - Time taken for 'total for creating and serializing project graph' 0.1395411491394043ms
[NX Daemon Server] - 2024-03-04T14:51:13.512Z - Done responding to the client project-graph
[NX Daemon Server] - 2024-03-04T14:51:13.512Z - Handled REQUEST_PROJECT_GRAPH. Handling time: 1. Response time: 5.
[NX Daemon Server] - 2024-03-04T14:54:46.941Z - [WATCHER]: .gitignore was modified
[NX Daemon Server] - 2024-03-04T14:54:46.941Z - [WATCHER]: Processing file changes in outputs
[NX Daemon Server] - 2024-03-04T14:54:46.941Z - [WATCHER]: Stopping the watcher for /Users/jang-yunsu/-sossost (sources)
[NX Daemon Server] - 2024-03-04T14:54:46.941Z - [WATCHER]: Stopping the watcher for /Users/jang-yunsu/-sossost (outputs)
[NX Daemon Server] - 2024-03-04T14:54:46.941Z - Server stopped because: "Stopping the daemon the set of ignored files changed (native)"
